<?xml version="1.0" encoding="UTF-8"?>
<!-- 
/* 
 * $Id: context_hypersonic.xml 333741 2012-12-18 17:53:45Z tnguyen $
 * $Revision: 333741 $
 * $Author: tnguyen $
 * $Date: 2012-12-18 12:53:45 -0500 (Tue, 18 Dec 2012) $
 * Copyright (c) 2011 Trustwave Holdings, Inc.
 * All Rights Reserved.
 *
 * This software is the confidential and proprietary information
 * of Trustwave Holdings, Inc.  Use of this software is governed by
 * the terms and conditions of the license statement and limited
 * warranty furnished with the software.
 *
 * IN PARTICULAR, YOU WILL INDEMNIFY AND HOLD TRUSTWAVE HOLDINGS INC.,
 * ITS RELATED COMPANIES AND ITS SUPPLIERS, HARMLESS FROM AND AGAINST
 * ANY CLAIMS OR LIABILITIES ARISING OUT OF OR RESULTING FROM THE USE,
 * MODIFICATION, OR DISTRIBUTION OF PROGRAMS OR FILES CREATED FROM,
 * BASED ON, AND/OR DERIVED FROM THIS SOURCE CODE FILE.
 */
 -->
<beans xmlns="http://www.springframework.org/schema/beans"
       xmlns:xsi="http://www.w3.org/2001/XMLSchema-instance"
       xmlns:util="http://www.springframework.org/schema/util"
       xmlns:p="http://www.springframework.org/schema/p"
       xmlns:batch="http://www.springframework.org/schema/batch"
       xsi:schemaLocation="http://www.springframework.org/schema/beans
                        http://www.springframework.org/schema/beans/spring-beans-3.0.xsd
                        http://www.springframework.org/schema/util 
                        http://www.springframework.org/schema/util/spring-util-3.0.xsd
                        http://www.springframework.org/schema/batch
                        http://www.springframework.org/schema/batch/spring-batch-3.0.xsd">
    
    <bean id="baseJobLauncherTestUtils" class="org.springframework.batch.test.JobLauncherTestUtils" 
          abstract="true">
         <property name="jobRepository" ref="jobRepository" />
         <property name="jobLauncher">
            <bean class="org.springframework.batch.core.launch.support.SimpleJobLauncher">
                <property name="jobRepository" ref="jobRepository" />
                <!-- Default is synchronous launch of jobs to make testing easier  -->
            </bean>
         </property>
    </bean>
    
    <bean id="personJobTestUtils" parent="baseJobLauncherTestUtils">
         <property name="job" ref="loadPersonsJob" />
    </bean>
</beans>
